mode: set
github.com/univers106/ITI/middlewares/databaseMiddleware/database.go:10.70,11.54 1 1
github.com/univers106/ITI/middlewares/databaseMiddleware/database.go:11.54,12.38 1 1
github.com/univers106/ITI/middlewares/databaseMiddleware/database.go:12.38,16.4 2 1
github.com/univers106/ITI/middlewares/databaseMiddleware/database.go:20.62,22.16 2 1
github.com/univers106/ITI/middlewares/databaseMiddleware/database.go:22.16,24.3 1 1
github.com/univers106/ITI/middlewares/databaseMiddleware/database.go:26.2,26.22 1 1
github.com/univers106/ITI/middlewares/sessionsMiddleware/SessionStorage.go:42.76,47.9 4 1
github.com/univers106/ITI/middlewares/sessionsMiddleware/SessionStorage.go:47.9,49.3 1 1
github.com/univers106/ITI/middlewares/sessionsMiddleware/SessionStorage.go:51.2,52.82 2 1
github.com/univers106/ITI/middlewares/sessionsMiddleware/SessionStorage.go:52.82,56.3 2 0
github.com/univers106/ITI/middlewares/sessionsMiddleware/SessionStorage.go:58.2,61.25 3 1
github.com/univers106/ITI/middlewares/sessionsMiddleware/SessionStorage.go:64.73,71.23 5 1
github.com/univers106/ITI/middlewares/sessionsMiddleware/SessionStorage.go:71.23,73.36 2 1
github.com/univers106/ITI/middlewares/sessionsMiddleware/SessionStorage.go:73.36,83.4 3 1
github.com/univers106/ITI/middlewares/sessionsMiddleware/SessionStorage.go:86.2,86.31 1 0
github.com/univers106/ITI/middlewares/sessionsMiddleware/SessionStorage.go:89.66,94.9 4 1
github.com/univers106/ITI/middlewares/sessionsMiddleware/SessionStorage.go:94.9,96.3 1 1
github.com/univers106/ITI/middlewares/sessionsMiddleware/SessionStorage.go:98.2,100.12 2 1
github.com/univers106/ITI/middlewares/sessionsMiddleware/SessionStorage.go:103.71,107.36 3 1
github.com/univers106/ITI/middlewares/sessionsMiddleware/SessionStorage.go:107.36,108.28 1 1
github.com/univers106/ITI/middlewares/sessionsMiddleware/SessionStorage.go:108.28,110.4 1 1
github.com/univers106/ITI/middlewares/sessionsMiddleware/SessionStorage.go:113.2,113.12 1 1
github.com/univers106/ITI/middlewares/sessionsMiddleware/SessionStorage.go:116.41,120.2 1 1
github.com/univers106/ITI/middlewares/sessionsMiddleware/only_users.go:12.66,13.37 1 1
github.com/univers106/ITI/middlewares/sessionsMiddleware/only_users.go:13.37,15.17 2 1
github.com/univers106/ITI/middlewares/sessionsMiddleware/only_users.go:15.17,16.39 1 1
github.com/univers106/ITI/middlewares/sessionsMiddleware/only_users.go:16.39,21.5 1 1
github.com/univers106/ITI/middlewares/sessionsMiddleware/only_users.go:23.4,23.14 1 1
github.com/univers106/ITI/middlewares/sessionsMiddleware/only_users.go:26.3,28.17 2 1
github.com/univers106/ITI/middlewares/sessionsMiddleware/only_users.go:32.55,34.2 1 1
github.com/univers106/ITI/middlewares/sessionsMiddleware/only_users.go:39.56,41.16 2 1
github.com/univers106/ITI/middlewares/sessionsMiddleware/only_users.go:41.16,46.3 1 1
github.com/univers106/ITI/middlewares/sessionsMiddleware/only_users.go:48.2,48.37 1 1
github.com/univers106/ITI/middlewares/sessionsMiddleware/only_users.go:48.37,53.3 1 1
github.com/univers106/ITI/middlewares/sessionsMiddleware/only_users.go:55.2,56.16 2 1
github.com/univers106/ITI/middlewares/sessionsMiddleware/only_users.go:56.16,58.3 1 1
github.com/univers106/ITI/middlewares/sessionsMiddleware/only_users.go:60.2,60.22 1 1
github.com/univers106/ITI/middlewares/sessionsMiddleware/sessions.go:21.70,22.54 1 1
github.com/univers106/ITI/middlewares/sessionsMiddleware/sessions.go:22.54,23.38 1 1
github.com/univers106/ITI/middlewares/sessionsMiddleware/sessions.go:23.38,27.4 2 1
github.com/univers106/ITI/middlewares/sessionsMiddleware/sessions.go:31.65,33.16 2 1
github.com/univers106/ITI/middlewares/sessionsMiddleware/sessions.go:33.16,35.3 1 1
github.com/univers106/ITI/middlewares/sessionsMiddleware/sessions.go:37.2,37.19 1 1
github.com/univers106/ITI/middlewares/sessionsMiddleware/sessions.go:40.57,42.16 2 1
github.com/univers106/ITI/middlewares/sessionsMiddleware/sessions.go:42.16,44.3 1 1
github.com/univers106/ITI/middlewares/sessionsMiddleware/sessions.go:46.2,46.26 1 1
github.com/univers106/ITI/middlewares/sessionsMiddleware/sessions.go:49.58,59.2 9 1
github.com/univers106/ITI/middlewares/sessionsMiddleware/sessions.go:61.37,72.2 10 1
github.com/univers106/ITI/middlewares/sessionsMiddleware/sessions.go:78.66,80.16 2 1
github.com/univers106/ITI/middlewares/sessionsMiddleware/sessions.go:80.16,82.3 1 1
github.com/univers106/ITI/middlewares/sessionsMiddleware/sessions.go:84.2,85.16 2 1
github.com/univers106/ITI/middlewares/sessionsMiddleware/sessions.go:85.16,87.3 1 1
github.com/univers106/ITI/middlewares/sessionsMiddleware/sessions.go:89.2,90.16 2 1
github.com/univers106/ITI/middlewares/sessionsMiddleware/sessions.go:90.16,97.3 2 1
github.com/univers106/ITI/middlewares/sessionsMiddleware/sessions.go:99.2,100.16 2 1
github.com/univers106/ITI/middlewares/sessionsMiddleware/sessions.go:100.16,105.3 1 1
github.com/univers106/ITI/middlewares/sessionsMiddleware/sessions.go:107.2,108.16 2 1
github.com/univers106/ITI/middlewares/sessionsMiddleware/sessions.go:108.16,118.3 2 1
github.com/univers106/ITI/middlewares/sessionsMiddleware/sessions.go:120.2,120.18 1 1
github.com/univers106/ITI/config/config.go:12.37,15.16 2 0
github.com/univers106/ITI/config/config.go:15.16,16.37 1 0
github.com/univers106/ITI/config/config.go:16.37,20.4 2 0
github.com/univers106/ITI/config/config.go:20.9,21.66 1 0
github.com/univers106/ITI/config/config.go:25.2,28.16 3 0
github.com/univers106/ITI/config/config.go:28.16,29.54 1 0
github.com/univers106/ITI/config/config.go:32.2,32.15 1 0
github.com/univers106/ITI/config/example_config.go:15.32,29.16 6 0
github.com/univers106/ITI/config/example_config.go:29.16,30.41 1 0
github.com/univers106/ITI/config/example_config.go:33.2,33.13 1 0
github.com/univers106/ITI/config/example_config.go:36.40,40.16 3 0
github.com/univers106/ITI/config/example_config.go:40.16,41.13 1 0
github.com/univers106/ITI/config/example_config.go:44.2,44.13 1 0
github.com/univers106/ITI/database/file_based/file_based.go:16.73,21.9 4 0
github.com/univers106/ITI/database/file_based/file_based.go:21.9,23.3 1 0
github.com/univers106/ITI/database/file_based/file_based.go:25.2,25.28 1 0
github.com/univers106/ITI/database/file_based/file_based.go:28.82,32.31 3 0
github.com/univers106/ITI/database/file_based/file_based.go:32.31,33.26 1 0
github.com/univers106/ITI/database/file_based/file_based.go:33.26,35.4 1 0
github.com/univers106/ITI/database/file_based/file_based.go:38.2,38.38 1 0
github.com/univers106/ITI/database/file_based/file_based.go:44.27,48.31 3 0
github.com/univers106/ITI/database/file_based/file_based.go:48.31,49.26 1 0
github.com/univers106/ITI/database/file_based/file_based.go:49.26,50.36 1 0
github.com/univers106/ITI/database/file_based/file_based.go:50.36,52.5 1 0
github.com/univers106/ITI/database/file_based/file_based.go:54.4,54.45 1 0
github.com/univers106/ITI/database/file_based/file_based.go:58.2,58.38 1 0
github.com/univers106/ITI/database/file_based/file_based.go:61.90,64.20 2 0
github.com/univers106/ITI/database/file_based/file_based.go:64.20,66.3 1 0
github.com/univers106/ITI/database/file_based/file_based.go:68.2,68.17 1 0
github.com/univers106/ITI/database/file_based/file_based.go:68.17,70.3 1 0
github.com/univers106/ITI/database/file_based/file_based.go:72.2,72.16 1 0
github.com/univers106/ITI/database/file_based/file_based.go:72.16,74.3 1 0
github.com/univers106/ITI/database/file_based/file_based.go:76.2,77.16 2 0
github.com/univers106/ITI/database/file_based/file_based.go:77.16,79.3 1 0
github.com/univers106/ITI/database/file_based/file_based.go:81.2,87.26 5 0
github.com/univers106/ITI/database/file_based/file_based.go:87.26,88.23 1 0
github.com/univers106/ITI/database/file_based/file_based.go:88.23,90.4 1 0
github.com/univers106/ITI/database/file_based/file_based.go:93.2,95.12 2 0
github.com/univers106/ITI/database/file_based/file_based.go:98.58,104.35 4 0
github.com/univers106/ITI/database/file_based/file_based.go:104.35,106.3 1 0
github.com/univers106/ITI/database/file_based/file_based.go:108.2,110.12 2 0
github.com/univers106/ITI/database/file_based/file_based.go:113.84,120.9 5 0
github.com/univers106/ITI/database/file_based/file_based.go:120.9,122.3 1 0
github.com/univers106/ITI/database/file_based/file_based.go:124.2,127.12 3 0
github.com/univers106/ITI/database/file_based/file_based.go:130.78,137.9 5 0
github.com/univers106/ITI/database/file_based/file_based.go:137.9,139.3 1 0
github.com/univers106/ITI/database/file_based/file_based.go:141.2,144.12 3 0
github.com/univers106/ITI/database/file_based/file_based.go:147.76,154.9 5 0
github.com/univers106/ITI/database/file_based/file_based.go:154.9,156.3 1 0
github.com/univers106/ITI/database/file_based/file_based.go:158.2,161.12 3 0
github.com/univers106/ITI/database/file_based/file_based.go:164.86,171.9 5 0
github.com/univers106/ITI/database/file_based/file_based.go:171.9,173.3 1 0
github.com/univers106/ITI/database/file_based/file_based.go:175.2,175.51 1 0
github.com/univers106/ITI/database/file_based/file_based.go:175.51,177.3 1 0
github.com/univers106/ITI/database/file_based/file_based.go:179.2,182.12 3 0
github.com/univers106/ITI/database/file_based/file_based.go:185.89,192.9 5 0
github.com/univers106/ITI/database/file_based/file_based.go:192.9,194.3 1 0
github.com/univers106/ITI/database/file_based/file_based.go:196.2,196.52 1 0
github.com/univers106/ITI/database/file_based/file_based.go:196.52,198.3 1 0
github.com/univers106/ITI/database/file_based/file_based.go:200.2,200.77 1 0
github.com/univers106/ITI/database/file_based/file_based.go:200.77,202.3 1 0
github.com/univers106/ITI/database/file_based/file_based.go:204.2,206.12 2 0
github.com/univers106/ITI/database/file_based/file_based.go:209.95,214.9 4 0
github.com/univers106/ITI/database/file_based/file_based.go:214.9,216.3 1 0
github.com/univers106/ITI/database/file_based/file_based.go:218.2,218.59 1 0
github.com/univers106/ITI/database/file_based/file_based.go:221.58,228.16 5 0
github.com/univers106/ITI/database/file_based/file_based.go:228.16,230.3 1 0
github.com/univers106/ITI/database/file_based/file_based.go:232.2,234.17 2 0
github.com/univers106/ITI/database/file_based/file_based.go:237.36,243.2 4 0
github.com/univers106/ITI/database/file_based/safe_user.go:26.49,37.2 3 0
github.com/univers106/ITI/database/file_based/safe_user.go:39.56,50.2 2 0
github.com/univers106/ITI/database/file_based/safe_user.go:52.45,54.2 1 0
github.com/univers106/ITI/database/file_based/utils.go:14.43,16.25 2 0
github.com/univers106/ITI/database/file_based/utils.go:16.25,17.19 1 0
github.com/univers106/ITI/database/file_based/utils.go:17.19,18.55 1 0
github.com/univers106/ITI/database/file_based/utils.go:21.3,21.9 1 0
github.com/univers106/ITI/database/file_based/utils.go:24.2,25.16 2 0
github.com/univers106/ITI/database/file_based/utils.go:25.16,26.13 1 0
github.com/univers106/ITI/database/file_based/utils.go:30.54,32.16 2 0
github.com/univers106/ITI/database/file_based/utils.go:32.16,33.13 1 0
github.com/univers106/ITI/database/file_based/utils.go:36.2,37.16 2 0
github.com/univers106/ITI/database/file_based/utils.go:37.16,38.13 1 0
github.com/univers106/ITI/database/file_based/utils.go:42.64,44.25 2 0
github.com/univers106/ITI/database/file_based/utils.go:44.25,45.18 1 0
github.com/univers106/ITI/database/file_based/utils.go:45.18,47.4 1 0
github.com/univers106/ITI/database/file_based/utils.go:50.2,51.16 2 0
github.com/univers106/ITI/database/file_based/utils.go:51.16,53.3 1 0
github.com/univers106/ITI/database/file_based/utils.go:55.2,58.16 3 0
github.com/univers106/ITI/database/file_based/utils.go:58.16,60.3 1 0
github.com/univers106/ITI/database/file_based/utils.go:62.2,62.20 1 0
github.com/univers106/ITI/handlers/private/helloApi.go:11.38,13.16 2 0
github.com/univers106/ITI/handlers/private/helloApi.go:13.16,15.3 1 0
github.com/univers106/ITI/handlers/private/helloApi.go:17.2,17.79 1 0
github.com/univers106/ITI/handlers/private/logout.go:10.40,12.16 2 0
github.com/univers106/ITI/handlers/private/logout.go:12.16,17.3 1 0
github.com/univers106/ITI/handlers/private/logout.go:19.2,20.16 2 0
github.com/univers106/ITI/handlers/private/logout.go:20.16,25.3 1 0
github.com/univers106/ITI/handlers/private/logout.go:27.2,28.16 2 0
github.com/univers106/ITI/handlers/private/logout.go:28.16,33.3 1 0
github.com/univers106/ITI/handlers/private/logout.go:35.2,37.66 2 0
github.com/univers106/ITI/handlers/private/user_manipulation/change_login.go:12.45,17.20 2 0
github.com/univers106/ITI/handlers/private/user_manipulation/change_login.go:17.20,19.3 1 0
github.com/univers106/ITI/handlers/private/user_manipulation/change_login.go:21.2,24.43 3 0
github.com/univers106/ITI/handlers/private/user_manipulation/change_login.go:24.43,26.3 1 0
github.com/univers106/ITI/handlers/private/user_manipulation/change_login.go:28.2,29.16 2 0
github.com/univers106/ITI/handlers/private/user_manipulation/change_login.go:29.16,31.3 1 0
github.com/univers106/ITI/handlers/private/user_manipulation/change_login.go:33.2,34.16 2 0
github.com/univers106/ITI/handlers/private/user_manipulation/change_login.go:34.16,39.3 1 0
github.com/univers106/ITI/handlers/private/user_manipulation/change_login.go:41.2,41.35 1 0
github.com/univers106/ITI/handlers/private/user_manipulation/change_name.go:12.44,17.20 2 0
github.com/univers106/ITI/handlers/private/user_manipulation/change_name.go:17.20,19.3 1 0
github.com/univers106/ITI/handlers/private/user_manipulation/change_name.go:21.2,24.42 3 0
github.com/univers106/ITI/handlers/private/user_manipulation/change_name.go:24.42,26.3 1 0
github.com/univers106/ITI/handlers/private/user_manipulation/change_name.go:28.2,29.16 2 0
github.com/univers106/ITI/handlers/private/user_manipulation/change_name.go:29.16,31.3 1 0
github.com/univers106/ITI/handlers/private/user_manipulation/change_name.go:33.2,34.16 2 0
github.com/univers106/ITI/handlers/private/user_manipulation/change_name.go:34.16,39.3 1 0
github.com/univers106/ITI/handlers/private/user_manipulation/change_name.go:41.2,41.35 1 0
github.com/univers106/ITI/handlers/private/user_manipulation/change_password.go:12.48,17.20 2 0
github.com/univers106/ITI/handlers/private/user_manipulation/change_password.go:17.20,19.3 1 0
github.com/univers106/ITI/handlers/private/user_manipulation/change_password.go:21.2,24.46 3 0
github.com/univers106/ITI/handlers/private/user_manipulation/change_password.go:24.46,26.3 1 0
github.com/univers106/ITI/handlers/private/user_manipulation/change_password.go:28.2,29.16 2 0
github.com/univers106/ITI/handlers/private/user_manipulation/change_password.go:29.16,31.3 1 0
github.com/univers106/ITI/handlers/private/user_manipulation/change_password.go:33.2,34.16 2 0
github.com/univers106/ITI/handlers/private/user_manipulation/change_password.go:34.16,39.3 1 0
github.com/univers106/ITI/handlers/private/user_manipulation/change_password.go:41.2,41.35 1 0
github.com/univers106/ITI/handlers/private/user_manipulation/create.go:11.40,16.20 2 0
github.com/univers106/ITI/handlers/private/user_manipulation/create.go:16.20,18.3 1 0
github.com/univers106/ITI/handlers/private/user_manipulation/create.go:20.2,24.64 4 0
github.com/univers106/ITI/handlers/private/user_manipulation/create.go:24.64,26.3 1 0
github.com/univers106/ITI/handlers/private/user_manipulation/create.go:28.2,29.16 2 0
github.com/univers106/ITI/handlers/private/user_manipulation/create.go:29.16,34.3 1 0
github.com/univers106/ITI/handlers/private/user_manipulation/create.go:36.2,36.35 1 0
github.com/univers106/ITI/handlers/private/user_manipulation/delete.go:12.40,17.20 2 0
github.com/univers106/ITI/handlers/private/user_manipulation/delete.go:17.20,19.3 1 0
github.com/univers106/ITI/handlers/private/user_manipulation/delete.go:21.2,22.23 2 0
github.com/univers106/ITI/handlers/private/user_manipulation/delete.go:22.23,24.3 1 0
github.com/univers106/ITI/handlers/private/user_manipulation/delete.go:26.2,27.16 2 0
github.com/univers106/ITI/handlers/private/user_manipulation/delete.go:27.16,29.3 1 0
github.com/univers106/ITI/handlers/private/user_manipulation/delete.go:31.2,32.16 2 0
github.com/univers106/ITI/handlers/private/user_manipulation/delete.go:32.16,34.3 1 0
github.com/univers106/ITI/handlers/private/user_manipulation/delete.go:36.2,37.16 2 0
github.com/univers106/ITI/handlers/private/user_manipulation/delete.go:37.16,42.3 1 0
github.com/univers106/ITI/handlers/private/user_manipulation/delete.go:44.2,45.16 2 0
github.com/univers106/ITI/handlers/private/user_manipulation/delete.go:45.16,50.3 1 0
github.com/univers106/ITI/handlers/private/user_manipulation/delete.go:52.2,52.35 1 0
github.com/univers106/ITI/main.go:19.13,27.46 4 0
github.com/univers106/ITI/main.go:27.46,30.3 1 0
github.com/univers106/ITI/main.go:32.2,33.46 2 0
github.com/univers106/ITI/main.go:33.46,38.17 3 0
github.com/univers106/ITI/main.go:38.17,39.14 1 0
github.com/univers106/ITI/main.go:43.3,43.58 1 0
github.com/univers106/ITI/main.go:48.2,75.16 20 0
github.com/univers106/ITI/main.go:75.16,77.3 1 0
github.com/univers106/ITI/database/database.go:59.54,60.51 1 0
github.com/univers106/ITI/database/database.go:60.51,62.3 1 0
github.com/univers106/ITI/database/database.go:64.2,64.51 1 0
github.com/univers106/ITI/handlers/public/helloApi.go:9.38,11.2 1 0
github.com/univers106/ITI/handlers/public/login.go:11.39,13.16 2 0
github.com/univers106/ITI/handlers/public/login.go:13.16,15.3 1 0
github.com/univers106/ITI/handlers/public/login.go:17.2,18.16 2 0
github.com/univers106/ITI/handlers/public/login.go:18.16,23.3 1 0
github.com/univers106/ITI/handlers/public/login.go:25.2,28.45 3 0
github.com/univers106/ITI/handlers/public/login.go:28.45,30.3 1 0
github.com/univers106/ITI/handlers/public/login.go:32.2,33.16 2 0
github.com/univers106/ITI/handlers/public/login.go:33.16,35.3 1 0
github.com/univers106/ITI/handlers/public/login.go:37.2,38.16 2 0
github.com/univers106/ITI/handlers/public/login.go:38.16,40.3 1 0
github.com/univers106/ITI/handlers/public/login.go:42.2,43.16 2 0
github.com/univers106/ITI/handlers/public/login.go:43.16,45.3 1 0
github.com/univers106/ITI/handlers/public/login.go:47.2,49.66 2 0
